CheckList_Completo_Texto_Preguntas/App_Android/app/build/intermediates/manifest_merge_blame_file/debug/manifest-merger-blame-debug-report.txt
1<?xml version="1.0" encoding="utf-8"?>
2<manifest xmlns:android="http://schemas.android.com/apk/res/android"
3    package="com.panelsandwich.checklist"
4    android:versionCode="1"
5    android:versionName="1.0" >
6
7    <uses-sdk
8        android:minSdkVersion="24"
9        android:targetSdkVersion="34" />
10
11    <uses-permission android:name="android.permission.INTERNET" />
11-->src\main\AndroidManifest.xml:5:5-67
11-->src\main\AndroidManifest.xml:5:22-64
12    <uses-permission android:name="android.permission.ACCESS_NETWORK_STATE" />
12-->src\main\AndroidManifest.xml:6:5-79
12-->src\main\AndroidManifest.xml:6:22-76
13    <uses-permission android:name="android.permission.ACCESS_WIFI_STATE" />
13-->src\main\AndroidManifest.xml:7:5-76
13-->src\main\AndroidManifest.xml:7:22-73
14    <uses-permission android:name="android.permission.SCHEDULE_EXACT_ALARM" />
14-->src\main\AndroidManifest.xml:8:5-79
14-->src\main\AndroidManifest.xml:8:22-76
15    <uses-permission android:name="android.permission.WAKE_LOCK" />
15-->src\main\AndroidManifest.xml:9:5-68
15-->src\main\AndroidManifest.xml:9:22-65
16
17    <permission
17-->[androidx.core:core:1.12.0] AndroidManifest.xml:22:5-24:47
18        android:name="com.panelsandwich.checklist.DYNAMIC_RECEIVER_NOT_EXPORTED_PERMISSION"
18-->[androidx.core:core:1.12.0] AndroidManifest.xml:23:9-81
19        android:protectionLevel="signature" />
19-->[androidx.core:core:1.12.0] AndroidManifest.xml:24:9-44
20
21    <uses-permission android:name="com.panelsandwich.checklist.DYNAMIC_RECEIVER_NOT_EXPORTED_PERMISSION" />
21-->[androidx.core:core:1.12.0] AndroidManifest.xml:26:5-97
21-->[androidx.core:core:1.12.0] AndroidManifest.xml:26:22-94
22
23    <application
23-->src\main\AndroidManifest.xml:11:5-46:19
24        android:name="com.panelsandwich.checklist.ChecklistApp"
24-->src\main\AndroidManifest.xml:12:9-37
25        android:allowBackup="true"
25-->src\main\AndroidManifest.xml:13:9-35
26        android:appComponentFactory="androidx.core.app.CoreComponentFactory"
26-->[androidx.core:core:1.12.0] AndroidManifest.xml:28:18-86
27        android:debuggable="true"
28        android:extractNativeLibs="false"
29        android:icon="@mipmap/ic_launcher"
29-->src\main\AndroidManifest.xml:17:9-43
30        android:label="@string/app_name"
30-->src\main\AndroidManifest.xml:14:9-41
31        android:roundIcon="@mipmap/ic_launcher_round"
31-->src\main\AndroidManifest.xml:18:9-54
32        android:supportsRtl="true"
32-->src\main\AndroidManifest.xml:15:9-35
33        android:testOnly="true"
34        android:theme="@style/Theme.CheckListApp"
34-->src\main\AndroidManifest.xml:16:9-50
35        android:usesCleartextTraffic="true" >
35-->src\main\AndroidManifest.xml:19:9-44
36        <activity
36-->src\main\AndroidManifest.xml:21:9-28:20
37            android:name="com.panelsandwich.checklist.actividades.ActividadAlmacenes"
37-->src\main\AndroidManifest.xml:22:13-59
38            android:exported="true" >
38-->src\main\AndroidManifest.xml:23:13-36
39            <intent-filter>
39-->src\main\AndroidManifest.xml:24:13-27:29
40                <action android:name="android.intent.action.MAIN" />
40-->src\main\AndroidManifest.xml:25:17-69
40-->src\main\AndroidManifest.xml:25:25-66
41
42                <category android:name="android.intent.category.LAUNCHER" />
42-->src\main\AndroidManifest.xml:26:17-77
42-->src\main\AndroidManifest.xml:26:27-74
43            </intent-filter>
44        </activity>
45        <activity android:name="com.panelsandwich.checklist.actividades.ActividadUsuarios" />
45-->src\main\AndroidManifest.xml:30:9-67
45-->src\main\AndroidManifest.xml:30:19-64
46        <activity android:name="com.panelsandwich.checklist.actividades.ActividadMenuPrincipal" />
46-->src\main\AndroidManifest.xml:31:9-72
46-->src\main\AndroidManifest.xml:31:19-69
47        <activity android:name="com.panelsandwich.checklist.actividades.ActividadRegistro" />
47-->src\main\AndroidManifest.xml:32:9-67
47-->src\main\AndroidManifest.xml:32:19-64
48        <activity android:name="com.panelsandwich.checklist.actividades.ActividadMaquinaria" />
48-->src\main\AndroidManifest.xml:33:9-69
48-->src\main\AndroidManifest.xml:33:19-66
49        <activity android:name="com.panelsandwich.checklist.actividades.ActividadCheckMaquina" />
49-->src\main\AndroidManifest.xml:34:9-71
49-->src\main\AndroidManifest.xml:34:19-68
50        <activity android:name="com.panelsandwich.checklist.actividades.ActividadFirma" />
50-->src\main\AndroidManifest.xml:35:9-64
50-->src\main\AndroidManifest.xml:35:19-61
51
52        <!-- Escucha cambios de red para sincronizar automáticamente al conectar WiFi -->
53        <receiver
53-->src\main\AndroidManifest.xml:38:9-44:20
54            android:name="com.panelsandwich.checklist.sincronizacion.WifiReceiver"
54-->src\main\AndroidManifest.xml:39:13-56
55            android:exported="false" >
55-->src\main\AndroidManifest.xml:40:13-37
56            <intent-filter>
56-->src\main\AndroidManifest.xml:41:13-43:29
57                <action android:name="android.net.conn.CONNECTIVITY_CHANGE" />
57-->src\main\AndroidManifest.xml:42:17-79
57-->src\main\AndroidManifest.xml:42:25-76
58            </intent-filter>
59        </receiver>
60
61        <provider
61-->[androidx.emoji2:emoji2:1.2.0] AndroidManifest.xml:24:9-32:20
62            android:name="androidx.startup.InitializationProvider"
62-->[androidx.emoji2:emoji2:1.2.0] AndroidManifest.xml:25:13-67
63            android:authorities="com.panelsandwich.checklist.androidx-startup"
63-->[androidx.emoji2:emoji2:1.2.0] AndroidManifest.xml:26:13-68
64            android:exported="false" >
64-->[androidx.emoji2:emoji2:1.2.0] AndroidManifest.xml:27:13-37
65            <meta-data
65-->[androidx.emoji2:emoji2:1.2.0] AndroidManifest.xml:29:13-31:52
66                android:name="androidx.emoji2.text.EmojiCompatInitializer"
66-->[androidx.emoji2:emoji2:1.2.0] AndroidManifest.xml:30:17-75
67                android:value="androidx.startup" />
67-->[androidx.emoji2:emoji2:1.2.0] AndroidManifest.xml:31:17-49
68            <meta-data
68-->[androidx.lifecycle:lifecycle-process:2.6.1] AndroidManifest.xml:29:13-31:52
69                android:name="androidx.lifecycle.ProcessLifecycleInitializer"
69-->[androidx.lifecycle:lifecycle-process:2.6.1] AndroidManifest.xml:30:17-78
70                android:value="androidx.startup" />
70-->[androidx.lifecycle:lifecycle-process:2.6.1] AndroidManifest.xml:31:17-49
71            <meta-data
71-->[androidx.profileinstaller:profileinstaller:1.3.0] AndroidManifest.xml:29:13-31:52
72                android:name="androidx.profileinstaller.ProfileInstallerInitializer"
72-->[androidx.profileinstaller:profileinstaller:1.3.0] AndroidManifest.xml:30:17-85
73                android:value="androidx.startup" />
73-->[androidx.profileinstaller:profileinstaller:1.3.0] AndroidManifest.xml:31:17-49
74        </provider>
75
76        <receiver
76-->[androidx.profileinstaller:profileinstaller:1.3.0] AndroidManifest.xml:34:9-52:20
77            android:name="androidx.profileinstaller.ProfileInstallReceiver"
77-->[androidx.profileinstaller:profileinstaller:1.3.0] AndroidManifest.xml:35:13-76
78            android:directBootAware="false"
78-->[androidx.profileinstaller:profileinstaller:1.3.0] AndroidManifest.xml:36:13-44
79            android:enabled="true"
79-->[androidx.profileinstaller:profileinstaller:1.3.0] AndroidManifest.xml:37:13-35
80            android:exported="true"
80-->[androidx.profileinstaller:profileinstaller:1.3.0] AndroidManifest.xml:38:13-36
81            android:permission="android.permission.DUMP" >
81-->[androidx.profileinstaller:profileinstaller:1.3.0] AndroidManifest.xml:39:13-57
82            <intent-filter>
82-->[androidx.profileinstaller:profileinstaller:1.3.0] AndroidManifest.xml:40:13-42:29
83                <action android:name="androidx.profileinstaller.action.INSTALL_PROFILE" />
83-->[androidx.profileinstaller:profileinstaller:1.3.0] AndroidManifest.xml:41:17-91
83-->[androidx.profileinstaller:profileinstaller:1.3.0] AndroidManifest.xml:41:25-88
84            </intent-filter>
85            <intent-filter>
85-->[androidx.profileinstaller:profileinstaller:1.3.0] AndroidManifest.xml:43:13-45:29
86                <action android:name="androidx.profileinstaller.action.SKIP_FILE" />
86-->[androidx.profileinstaller:profileinstaller:1.3.0] AndroidManifest.xml:44:17-85
86-->[androidx.profileinstaller:profileinstaller:1.3.0] AndroidManifest.xml:44:25-82
87            </intent-filter>
88            <intent-filter>
88-->[androidx.profileinstaller:profileinstaller:1.3.0] AndroidManifest.xml:46:13-48:29
89                <action android:name="androidx.profileinstaller.action.SAVE_PROFILE" />
89-->[androidx.profileinstaller:profileinstaller:1.3.0] AndroidManifest.xml:47:17-88
89-->[androidx.profileinstaller:profileinstaller:1.3.0] AndroidManifest.xml:47:25-85
90            </intent-filter>
91            <intent-filter>
91-->[androidx.profileinstaller:profileinstaller:1.3.0] AndroidManifest.xml:49:13-51:29
92                <action android:name="androidx.profileinstaller.action.BENCHMARK_OPERATION" />
92-->[androidx.profileinstaller:profileinstaller:1.3.0] AndroidManifest.xml:50:17-95
92-->[androidx.profileinstaller:profileinstaller:1.3.0] AndroidManifest.xml:50:25-92
93            </intent-filter>
94        </receiver>
95    </application>
96
97</manifest>